<?xml version="1.0" encoding="UTF-8"?>
<!-- Generated by org.testng.reporters.JUnitReportReporter -->
<testsuite hostname="LAPTOP-3EBAO0ET" failures="0" tests="2" name="qaclickacademy.SeleniumTest" time="0.001" errors="0" timestamp="2021-05-05T02:13:41 IST" skipped="0">
  <testcase classname="qaclickacademy.SeleniumTest" name="BrowserAutomation" time="0.001"/>
  <system-out/>
  <testcase classname="qaclickacademy.SeleniumTest" name="elementsUI" time="0.000"/>
  <system-out/>
</testsuite> <!-- qaclickacademy.SeleniumTest -->
