<?xml version="1.0" encoding="UTF-8"?>
<!-- Generated by org.testng.reporters.JUnitReportReporter -->
<testsuite hostname="LAPTOP-3EBAO0ET" failures="0" tests="2" name="qaclickacademy.AppiumTest" time="0.142" errors="0" timestamp="2021-05-05T02:13:41 IST" skipped="0">
  <testcase classname="qaclickacademy.AppiumTest" name="IOSApps" time="0.141"/>
  <system-out/>
  <testcase classname="qaclickacademy.AppiumTest" name="NativeAppAndroid" time="0.001"/>
  <system-out/>
</testsuite> <!-- qaclickacademy.AppiumTest -->
