<?xml version="1.0" encoding="UTF-8"?>
<!-- Generated by org.testng.reporters.JUnitReportReporter -->
<testsuite hostname="LAPTOP-3EBAO0ET" failures="0" tests="1" name="qaclickacademy.AppTest" time="0.574" errors="0" timestamp="2021-05-05T02:13:43 IST" skipped="0">
  <testcase classname="qaclickacademy.AppTest" name="shouldAnswerWithTrue" time="0.574"/>
  <system-out/>
</testsuite> <!-- qaclickacademy.AppTest -->
