<?xml version="1.0" encoding="UTF-8"?>
<!-- Generated by org.testng.reporters.JUnitReportReporter -->
<testsuite hostname="LAPTOP-3EBAO0ET" failures="0" tests="1" name="qaclickacademy.RESTAPITest" time="0.021" errors="0" timestamp="2021-05-06T22:25:49 IST" skipped="0">
  <testcase classname="qaclickacademy.RESTAPITest" name="postJira" time="0.021"/>
  <system-out/>
</testsuite> <!-- qaclickacademy.RESTAPITest -->
