<?xml version="1.0" encoding="UTF-8"?>
<!-- Generated by org.testng.reporters.JUnitReportReporter -->
<testsuite hostname="LAPTOP-3EBAO0ET" failures="0" tests="1" name="qaclickacademy.SeleniumTest" time="0.017" errors="0" timestamp="2021-05-05T01:00:53 IST" skipped="0">
  <testcase classname="qaclickacademy.SeleniumTest" name="BrowserAutomation" time="0.017"/>
  <system-out/>
</testsuite> <!-- qaclickacademy.SeleniumTest -->
