<?xml version="1.0" encoding="UTF-8"?>
<!-- Generated by org.testng.reporters.JUnitReportReporter -->
<testsuite skipped="0" hostname="LAPTOP-3EBAO0ET" name="qaclickacademy.AppiumTest" tests="2" failures="0" timestamp="2021-05-22T23:44:41 IST" time="0.007" errors="0">
  <testcase name="IOSApps" time="0.006" classname="qaclickacademy.AppiumTest"/>
  <system-out/>
  <testcase name="NativeAppAndroid" time="0.001" classname="qaclickacademy.AppiumTest"/>
  <system-out/>
</testsuite> <!-- qaclickacademy.AppiumTest -->
